<?xml version="1.0" encoding="UTF-8"?>
<!-- Generated by org.testng.reporters.JUnitXMLReporter -->
<testsuite hostname="IMPC2827" name="Test1" tests="10" failures="2" timestamp="29 Jan 2020 07:53:06 GMT" time="191.272" errors="0">
  <testcase name="T001_openBOEExtension" time="23.629" classname="com.htcindia.trracs.testcases.BOEExtensionTest"/>
  <testcase name="T002_checkAutofillToDate" time="12.964" classname="com.htcindia.trracs.testcases.BOEExtensionTest"/>
  <testcase name="T003_searchByBOEnumber" time="13.005" classname="com.htcindia.trracs.testcases.BOEExtensionTest"/>
  <testcase name="T004_checkAdCodeAutoDisable" time="5.209" classname="com.htcindia.trracs.testcases.BOEExtensionTest"/>
  <testcase name="T005_uploadBOEFile" time="4.214" classname="com.htcindia.trracs.testcases.BOEExtensionTest"/>
  <testcase name="T006_DownloadCSVFile" time="17.576" classname="com.htcindia.trracs.testcases.BOEExtensionTest"/>
  <testcase name="T007_ViewBOE" time="23.099" classname="com.htcindia.trracs.testcases.BOEExtensionTest"/>
  <testcase name="T008_RaiseBOEExtension" time="38.719" classname="com.htcindia.trracs.testcases.BOEExtensionTest"/>
  <testcase name="T009_cancelBOEExtension" time="16.931" classname="com.htcindia.trracs.testcases.BOEExtensionTest">
    <failure type="java.lang.AssertionError" message="no such element: Unable to locate element: {&amp;quot;method&amp;quot;:&amp;quot;css selector&amp;quot;,&amp;quot;selector&amp;quot;:&amp;quot;#realizationExtensionInd&amp;quot;}
  (Session info: chrome=79.0.3945.130)
For documentation on this error, please visit: https://www.seleniumhq.org/exceptions/no_such_element.html
Build info: version: &amp;apos;3.141.59&amp;apos;, revision: &amp;apos;e82be7d358&amp;apos;, time: &amp;apos;2018-11-14T08:17:03&amp;apos;
System info: host: &amp;apos;IMPC2827&amp;apos;, ip: &amp;apos;172.16.4.176&amp;apos;, os.name: &amp;apos;Windows 7&amp;apos;, os.arch: &amp;apos;amd64&amp;apos;, os.version: &amp;apos;6.1&amp;apos;, java.version: &amp;apos;1.8.0_131&amp;apos;
Driver info: org.openqa.selenium.chrome.ChromeDriver
Capabilities {acceptInsecureCerts: false, browserName: chrome, browserVersion: 79.0.3945.130, chrome: {chromedriverVersion: 79.0.3945.36 (3582db32b3389..., userDataDir: C:\Users\rohinis\AppData\Lo...}, goog:chromeOptions: {debuggerAddress: localhost:52110}, javascriptEnabled: true, networkConnectionEnabled: false, pageLoadStrategy: normal, platform: WINDOWS, platformName: WINDOWS, proxy: Proxy(), setWindowRect: true, strictFileInteractability: false, timeouts: {implicit: 0, pageLoad: 300000, script: 30000}, unhandledPromptBehavior: dismiss and notify}
Session ID: 2b6e349792d1e64a4026b5aba62c0142
*** Element info: {Using=id, value=realizationExtensionInd}">
      <![CDATA[java.lang.AssertionError: no such element: Unable to locate element: {"method":"css selector","selector":"#realizationExtensionInd"}
  (Session info: chrome=79.0.3945.130)
For documentation on this error, please visit: https://www.seleniumhq.org/exceptions/no_such_element.html
Build info: version: '3.141.59', revision: 'e82be7d358', time: '2018-11-14T08:17:03'
System info: host: 'IMPC2827', ip: '172.16.4.176', os.name: 'Windows 7', os.arch: 'amd64', os.version: '6.1', java.version: '1.8.0_131'
Driver info: org.openqa.selenium.chrome.ChromeDriver
Capabilities {acceptInsecureCerts: false, browserName: chrome, browserVersion: 79.0.3945.130, chrome: {chromedriverVersion: 79.0.3945.36 (3582db32b3389..., userDataDir: C:\Users\rohinis\AppData\Lo...}, goog:chromeOptions: {debuggerAddress: localhost:52110}, javascriptEnabled: true, networkConnectionEnabled: false, pageLoadStrategy: normal, platform: WINDOWS, platformName: WINDOWS, proxy: Proxy(), setWindowRect: true, strictFileInteractability: false, timeouts: {implicit: 0, pageLoad: 300000, script: 30000}, unhandledPromptBehavior: dismiss and notify}
Session ID: 2b6e349792d1e64a4026b5aba62c0142
*** Element info: {Using=id, value=realizationExtensionInd}
	at com.htcindia.trracs.testcases.BOEExtensionTest.T009_cancelBOEExtension(BOEExtensionTest.java:144)
	at java.util.concurrent.FutureTask.run(FutureTask.java:266)
	at java.util.concurrent.ThreadPoolExecutor.runWorker(ThreadPoolExecutor.java:1142)
	at java.util.concurrent.ThreadPoolExecutor$Worker.run(ThreadPoolExecutor.java:617)
	at java.lang.Thread.run(Thread.java:748)
... Removed 17 stack frames]]>
    </failure>
  </testcase> <!-- T009_cancelBOEExtension -->
  <testcase name="T009_cancelBOEExtension" time="16.937" classname="com.htcindia.trracs.testcases.BOEExtensionTest">
    <failure type="java.lang.NullPointerException">
      <![CDATA[java.lang.NullPointerException
	at com.htcindia.trracs.listener.CustomListener.onTestFailure(CustomListener.java:64)
	at java.util.concurrent.FutureTask.run(FutureTask.java:266)
	at java.util.concurrent.ThreadPoolExecutor.runWorker(ThreadPoolExecutor.java:1142)
	at java.util.concurrent.ThreadPoolExecutor$Worker.run(ThreadPoolExecutor.java:617)
	at java.lang.Thread.run(Thread.java:748)
... Removed 13 stack frames]]>
    </failure>
  </testcase> <!-- T009_cancelBOEExtension -->
</testsuite> <!-- Test1 -->
