<?xml version="1.0" encoding="UTF-8"?>
<!-- Generated by org.testng.reporters.JUnitReportReporter -->
<testsuite hostname="IMPC2827" name="com.htcindia.trracs.testcases.BOEExtensionTest" tests="10" failures="0" timestamp="19 Feb 2020 08:11:00 GMT" time="183.226" errors="1">
  <testcase name="T002_checkAutofillToDate" time="12.543" classname="com.htcindia.trracs.testcases.BOEExtensionTest"/>
  <testcase name="T002_checkAutofillToDate" time="12.639" classname="com.htcindia.trracs.testcases.BOEExtensionTest"/>
  <testcase name="T005_uploadBOEFile" time="4.107" classname="com.htcindia.trracs.testcases.BOEExtensionTest"/>
  <testcase name="T001_openBOEExtension" time="24.859" classname="com.htcindia.trracs.testcases.BOEExtensionTest"/>
  <testcase name="T009_cancelBOEExtension" time="16.908" classname="com.htcindia.trracs.testcases.BOEExtensionTest">
    <error type="java.lang.AssertionError" message="no such element: Unable to locate element: {&quot;method&quot;:&quot;css selector&quot;,&quot;selector&quot;:&quot;#realizationExtensionInd&quot;}
  (Session info: chrome=79.0.3945.130)
For documentation on this error, please visit: https://www.seleniumhq.org/exceptions/no_such_element.html
Build info: version: &#039;3.141.59&#039;, revision: &#039;e82be7d358&#039;, time: &#039;2018-11-14T08:17:03&#039;
System info: host: &#039;IMPC2827&#039;, ip: &#039;172.16.4.176&#039;, os.name: &#039;Windows 7&#039;, os.arch: &#039;amd64&#039;, os.version: &#039;6.1&#039;, java.version: &#039;1.8.0_131&#039;
Driver info: org.openqa.selenium.chrome.ChromeDriver
Capabilities {acceptInsecureCerts: false, browserName: chrome, browserVersion: 79.0.3945.130, chrome: {chromedriverVersion: 79.0.3945.36 (3582db32b3389..., userDataDir: C:\Users\rohinis\AppData\Lo...}, goog:chromeOptions: {debuggerAddress: localhost:51848}, javascriptEnabled: true, networkConnectionEnabled: false, pageLoadStrategy: normal, platform: WINDOWS, platformName: WINDOWS, proxy: Proxy(), setWindowRect: true, strictFileInteractability: false, timeouts: {implicit: 0, pageLoad: 300000, script: 30000}, unhandledPromptBehavior: dismiss and notify}
Session ID: 854ac87b43ccc2e5763e246470aa0854
*** Element info: {Using=id, value=realizationExtensionInd}">
      <![CDATA[java.lang.AssertionError: no such element: Unable to locate element: {"method":"css selector","selector":"#realizationExtensionInd"}
  (Session info: chrome=79.0.3945.130)
For documentation on this error, please visit: https://www.seleniumhq.org/exceptions/no_such_element.html
Build info: version: '3.141.59', revision: 'e82be7d358', time: '2018-11-14T08:17:03'
System info: host: 'IMPC2827', ip: '172.16.4.176', os.name: 'Windows 7', os.arch: 'amd64', os.version: '6.1', java.version: '1.8.0_131'
Driver info: org.openqa.selenium.chrome.ChromeDriver
Capabilities {acceptInsecureCerts: false, browserName: chrome, browserVersion: 79.0.3945.130, chrome: {chromedriverVersion: 79.0.3945.36 (3582db32b3389..., userDataDir: C:\Users\rohinis\AppData\Lo...}, goog:chromeOptions: {debuggerAddress: localhost:51848}, javascriptEnabled: true, networkConnectionEnabled: false, pageLoadStrategy: normal, platform: WINDOWS, platformName: WINDOWS, proxy: Proxy(), setWindowRect: true, strictFileInteractability: false, timeouts: {implicit: 0, pageLoad: 300000, script: 30000}, unhandledPromptBehavior: dismiss and notify}
Session ID: 854ac87b43ccc2e5763e246470aa0854
*** Element info: {Using=id, value=realizationExtensionInd}
	at org.testng.Assert.fail(Assert.java:94)
	at com.htcindia.trracs.testcases.BOEExtensionTest.T009_cancelBOEExtension(BOEExtensionTest.java:161)
	at sun.reflect.NativeMethodAccessorImpl.invoke0(Native Method)
	at sun.reflect.NativeMethodAccessorImpl.invoke(NativeMethodAccessorImpl.java:62)
	at sun.reflect.DelegatingMethodAccessorImpl.invoke(DelegatingMethodAccessorImpl.java:43)
	at java.lang.reflect.Method.invoke(Method.java:498)
	at org.testng.internal.MethodInvocationHelper.invokeMethod(MethodInvocationHelper.java:84)
	at org.testng.internal.Invoker.invokeMethod(Invoker.java:714)
	at org.testng.internal.Invoker.invokeTestMethod(Invoker.java:901)
	at org.testng.internal.Invoker.invokeTestMethods(Invoker.java:1231)
	at org.testng.internal.TestMethodWorker.invokeTestMethods(TestMethodWorker.java:127)
	at org.testng.internal.TestMethodWorker.run(TestMethodWorker.java:111)
	at org.testng.TestRunner.privateRun(TestRunner.java:767)
	at org.testng.TestRunner.run(TestRunner.java:617)
	at org.testng.SuiteRunner.runTest(SuiteRunner.java:348)
	at org.testng.SuiteRunner.access$000(SuiteRunner.java:38)
	at org.testng.SuiteRunner$SuiteWorker.run(SuiteRunner.java:382)
	at org.testng.internal.thread.ThreadUtil$2.call(ThreadUtil.java:64)
	at java.util.concurrent.FutureTask.run(FutureTask.java:266)
	at java.util.concurrent.ThreadPoolExecutor.runWorker(ThreadPoolExecutor.java:1142)
	at java.util.concurrent.ThreadPoolExecutor$Worker.run(ThreadPoolExecutor.java:617)
	at java.lang.Thread.run(Thread.java:748)
]]>
    </error>
  </testcase> <!-- T009_cancelBOEExtension -->
  <testcase name="T004_checkAdCodeAutoDisable" time="5.216" classname="com.htcindia.trracs.testcases.BOEExtensionTest"/>
  <testcase name="T003_searchByBOEnumber" time="12.666" classname="com.htcindia.trracs.testcases.BOEExtensionTest"/>
  <testcase name="T007_ViewBOE" time="23.801" classname="com.htcindia.trracs.testcases.BOEExtensionTest"/>
  <testcase name="T006_DownloadCSVFile" time="32.181" classname="com.htcindia.trracs.testcases.BOEExtensionTest"/>
  <testcase name="T008_RaiseBOEExtension" time="38.306" classname="com.htcindia.trracs.testcases.BOEExtensionTest"/>
</testsuite> <!-- com.htcindia.trracs.testcases.BOEExtensionTest -->
